  PacketHandler.cpp
C:\Users\User\Desktop\github\Game_Server\omok_server\PacketHandler.cpp(8,15): warning C4267: '초기화 중': 'size_t'에서 'int'(으)로 변환하면서 데이터가 손실될 수 있습니다.
C:\Users\User\Desktop\github\Game_Server\omok_server\PacketHandler.cpp(24,19): warning C4267: '초기화 중': 'size_t'에서 'int'(으)로 변환하면서 데이터가 손실될 수 있습니다.
  Server.cpp
C:\Users\User\Desktop\github\Game_Server\omok_server\Server.cpp(1,1): warning C4819: 현재 코드 페이지(949)에서 표시할 수 없는 문자가 파일에 들어 있습니다. 데이터가 손실되지 않게 하려면 해당 파일을 유니코드 형식으로 저장하십시오.
C:\Users\User\Desktop\github\Game_Server\omok_server\GameManager.h(3,7): error C2011: 'GameManager': 'class' 형식 재정의
  (소스 파일 'Server.cpp'을(를) 컴파일하는 중)
      C:\Users\User\Desktop\github\Game_Server\omok_server\GameManager.h(3,7):
      'GameManager' 선언을 참조하십시오.
  
C:\Users\User\Desktop\github\Game_Server\omok_server\Server.cpp(10,10): error C2600: 'Server::~Server': 컴파일러 생성 특수 멤버 함수를 정의할 수 없습니다. 먼저 클래스에 선언해야 합니다.
C:\Users\User\Desktop\github\Game_Server\omok_server\Server.cpp(35,53): warning C4312: '형식 캐스트': 'int'에서 더 큰 'const char *'(으)로의 변환입니다.
C:\Users\User\Desktop\github\Game_Server\omok_server\Server.cpp(60,16): warning C4244: '초기화 중': 'SOCKET'에서 'int'(으)로 변환하면서 데이터가 손실될 수 있습니다.
C:\Users\User\Desktop\github\Game_Server\omok_server\Server.cpp(69,17): error C2079: 'game_manager'은(는) 정의되지 않은 class 'GameManager'을(를) 사용합니다.
C:\Users\User\Desktop\github\Game_Server\omok_server\Server.cpp(70,33): error C2665: 'PacketHandler::PacketHandler': 모든 인수 형식을 변환할 수 있는 오버로드된 함수가 없습니다.
      C:\Users\User\Desktop\github\Game_Server\omok_server\PacketHandler.h(21,1):
      'PacketHandler::PacketHandler(PacketHandler &&)'일 수 있습니다.
          C:\Users\User\Desktop\github\Game_Server\omok_server\Server.cpp(70,33):
          'PacketHandler::PacketHandler(PacketHandler &&)': 인수 1을(를) 'int *'에서 'PacketHandler &&'(으)로 변환할 수 없습니다.
              C:\Users\User\Desktop\github\Game_Server\omok_server\Server.cpp(70,34):
              원인: 'int *'에서 'PacketHandler'(으)로 변환할 수 없습니다.
      C:\Users\User\Desktop\github\Game_Server\omok_server\PacketHandler.h(21,1):
      또는       'PacketHandler::PacketHandler(const PacketHandler &)'
          C:\Users\User\Desktop\github\Game_Server\omok_server\Server.cpp(70,33):
          'PacketHandler::PacketHandler(const PacketHandler &)': 인수 1을(를) 'int *'에서 'const PacketHandler &'(으)로 변환할 수 없습니다.
              C:\Users\User\Desktop\github\Game_Server\omok_server\Server.cpp(70,34):
              원인: 'int *'에서 'const PacketHandler'(으)로 변환할 수 없습니다.
      C:\Users\User\Desktop\github\Game_Server\omok_server\PacketHandler.h(9,5):
      또는       'PacketHandler::PacketHandler(GameManager *)'
          C:\Users\User\Desktop\github\Game_Server\omok_server\Server.cpp(70,33):
          'PacketHandler::PacketHandler(GameManager *)': 인수 1을(를) 'int *'에서 'GameManager *'(으)로 변환할 수 없습니다.
              C:\Users\User\Desktop\github\Game_Server\omok_server\Server.cpp(70,34):
              가리킨 형식이 관련이 없습니다. 변환하려면 reinterpret_cast, C 스타일 캐스트 또는 괄호가 있는 함수 스타일 캐스트가 필요합니다.
      C:\Users\User\Desktop\github\Game_Server\omok_server\Server.cpp(70,33):
      인수 목록 '(int *)'을(를) 일치시키는 동안
  
C:\Users\User\Desktop\github\Game_Server\omok_server\Server.cpp(86,26): warning C4244: '=': 'SOCKET'에서 'int'(으)로 변환하면서 데이터가 손실될 수 있습니다.
C:\Users\User\Desktop\github\Game_Server\omok_server\Server.cpp(100,37): error C2065: 'client_fd': 선언되지 않은 식별자입니다.
  코드를 생성하고 있습니다...
